2026-01-28 19:02:51 0 [Note] Starting MariaDB 11.8.3-MariaDB-0+deb13u1 from Debian source revision b565b3e7e041c480fd8013e3beec6b99544d6bf8 server_uid fwuR7E/Un1d0W9KjkYMHY9P5PHw= as process 2254
2026-01-28 19:02:51 0 [Note] InnoDB: Compressed tables use zlib 1.3.1
2026-01-28 19:02:51 0 [Note] InnoDB: Number of transaction pools: 1
2026-01-28 19:02:51 0 [Note] InnoDB: Using crc32 + pclmulqdq instructions
2026-01-28 19:02:51 0 [Note] InnoDB: Using io_uring
2026-01-28 19:02:51 0 [Note] InnoDB: innodb_buffer_pool_size_max=128m, innodb_buffer_pool_size=128m
2026-01-28 19:02:51 0 [Note] InnoDB: Initialized memory pressure event listener
2026-01-28 19:02:51 0 [Note] InnoDB: Completed initialization of buffer pool
2026-01-28 19:02:51 0 [Note] InnoDB: File system buffers for log disabled (block size=512 bytes)
2026-01-28 19:02:51 0 [Note] InnoDB: End of log at LSN=61235
2026-01-28 19:02:52 0 [Note] InnoDB: Opened 3 undo tablespaces
2026-01-28 19:02:52 0 [Note] InnoDB: 128 rollback segments in 3 undo tablespaces are active.
2026-01-28 19:02:52 0 [Note] InnoDB: Setting file './ibtmp1' size to 12.000MiB. Physically writing the file full; Please wait ...
2026-01-28 19:02:52 0 [Note] InnoDB: File './ibtmp1' size is now 12.000MiB.
2026-01-28 19:02:52 0 [Note] InnoDB: log sequence number 61235; transaction id 38
2026-01-28 19:02:52 0 [Note] InnoDB: Loading buffer pool(s) from /var/lib/mysql/ib_buffer_pool
2026-01-28 19:02:52 0 [Note] Plugin 'FEEDBACK' is disabled.
2026-01-28 19:02:52 0 [Note] Plugin 'wsrep-provider' is disabled.
2026-01-28 19:02:52 0 [Note] InnoDB: Buffer pool(s) load completed at 260128 19:02:52
2026-01-28 19:02:54 0 [Note] Server socket created on IP: '127.0.0.1', port: '3306'.
2026-01-28 19:02:54 0 [Note] mariadbd: Event Scheduler: Loaded 0 events
2026-01-28 19:02:54 0 [Note] /usr/sbin/mariadbd: ready for connections.
Version: '11.8.3-MariaDB-0+deb13u1 from Debian'  socket: '/run/mysqld/mysqld.sock'  port: 3306  -- Please help get to 10k stars at https://github.com/MariaDB/Server
2026-01-28 19:02:55 3 [Warning] Access denied for user 'root'@'localhost' (using password: NO)
2026-01-28 19:02:55 4 [Warning] Access denied for user 'root'@'localhost' (using password: NO)
2026-01-28 19:03:01 0 [Note] /usr/sbin/mariadbd (initiated by: unknown): Normal shutdown
2026-01-28 19:03:01 0 [Note] InnoDB: FTS optimize thread exiting.
2026-01-28 19:03:01 0 [Note] InnoDB: Starting shutdown...
2026-01-28 19:03:01 0 [Note] InnoDB: Dumping buffer pool(s) to /var/lib/mysql/ib_buffer_pool
2026-01-28 19:03:01 0 [Note] InnoDB: Buffer pool(s) dump completed at 260128 19:03:01
2026-01-28 19:03:01 0 [Note] InnoDB: Removed temporary tablespace data file: "./ibtmp1"
2026-01-28 19:03:01 0 [Note] InnoDB: Shutdown completed; log sequence number 61235; transaction id 39
2026-01-28 19:03:01 0 [Note] /usr/sbin/mariadbd: Shutdown complete
2026-01-28 19:03:02 0 [Note] Starting MariaDB 11.8.3-MariaDB-0+deb13u1 from Debian source revision b565b3e7e041c480fd8013e3beec6b99544d6bf8 server_uid fwuR7E/Un1d0W9KjkYMHY9P5PHw= as process 2345
2026-01-28 19:03:02 0 [Note] InnoDB: Compressed tables use zlib 1.3.1
2026-01-28 19:03:02 0 [Note] InnoDB: Number of transaction pools: 1
2026-01-28 19:03:02 0 [Note] InnoDB: Using crc32 + pclmulqdq instructions
2026-01-28 19:03:02 0 [Note] InnoDB: Using io_uring
2026-01-28 19:03:02 0 [Note] InnoDB: innodb_buffer_pool_size_max=128m, innodb_buffer_pool_size=128m
2026-01-28 19:03:02 0 [Note] InnoDB: Initialized memory pressure event listener
2026-01-28 19:03:02 0 [Note] InnoDB: Completed initialization of buffer pool
2026-01-28 19:03:02 0 [Note] InnoDB: File system buffers for log disabled (block size=512 bytes)
2026-01-28 19:03:02 0 [Note] InnoDB: End of log at LSN=61235
2026-01-28 19:03:02 0 [Note] InnoDB: Opened 3 undo tablespaces
2026-01-28 19:03:02 0 [Note] InnoDB: 128 rollback segments in 3 undo tablespaces are active.
2026-01-28 19:03:02 0 [Note] InnoDB: Setting file './ibtmp1' size to 12.000MiB. Physically writing the file full; Please wait ...
2026-01-28 19:03:02 0 [Note] InnoDB: File './ibtmp1' size is now 12.000MiB.
2026-01-28 19:03:02 0 [Note] InnoDB: log sequence number 61235; transaction id 38
2026-01-28 19:03:02 0 [Note] Plugin 'FEEDBACK' is disabled.
2026-01-28 19:03:02 0 [Note] InnoDB: Loading buffer pool(s) from /var/lib/mysql/ib_buffer_pool
2026-01-28 19:03:02 0 [Note] Plugin 'wsrep-provider' is disabled.
2026-01-28 19:03:02 0 [Note] InnoDB: Buffer pool(s) load completed at 260128 19:03:02
2026-01-28 19:03:04 0 [Note] Server socket created on IP: '127.0.0.1', port: '3306'.
2026-01-28 19:03:05 0 [Note] mariadbd: Event Scheduler: Loaded 0 events
2026-01-28 19:03:05 0 [Note] /usr/sbin/mariadbd: ready for connections.
Version: '11.8.3-MariaDB-0+deb13u1 from Debian'  socket: '/run/mysqld/mysqld.sock'  port: 3306  -- Please help get to 10k stars at https://github.com/MariaDB/Server
2026-01-28 19:03:05 3 [Warning] Access denied for user 'root'@'localhost' (using password: NO)
2026-01-28 19:03:05 4 [Warning] Access denied for user 'root'@'localhost' (using password: NO)
